2025-03-09 22:32:33.056 | INFO     | __main__:main:41 - Starting data preparation...
2025-03-09 22:32:33.059 | INFO     | __main__:read_raw_data:26 - Reading raw data from C:\Projects\MS_Data_Analytics\BI_Analytics\smart-store-block\data\raw\customers_data.csv.
2025-03-09 22:32:33.122 | INFO     | __main__:read_raw_data:26 - Reading raw data from C:\Projects\MS_Data_Analytics\BI_Analytics\smart-store-block\data\raw\products_data.csv.
2025-03-09 22:32:33.131 | INFO     | __main__:read_raw_data:26 - Reading raw data from C:\Projects\MS_Data_Analytics\BI_Analytics\smart-store-block\data\raw\sales_data.csv.
2025-03-09 22:32:33.142 | INFO     | __main__:main:45 - Data preparation complete.
2025-03-19 18:55:47.384 | INFO     | __main__:main:69 - Starting data preparation...
2025-03-19 18:55:47.395 | ERROR    | __main__:main:99 - customers_data.csv not found
2025-03-19 18:56:54.961 | INFO     | __main__:main:69 - Starting data preparation...
2025-03-19 18:56:55.002 | INFO     | __main__:verify_columns:28 - Verifying columns and types...
2025-03-19 18:56:55.006 | INFO     | __main__:verify_columns:48 - Columns and types verified successfully.
2025-03-19 18:56:55.006 | INFO     | __main__:main:82 - Proceeding with data processing...
2025-03-19 18:56:55.052 | INFO     | __main__:main:93 - Processed data saved to: data/prepared\customers_data_prepared.csv
2025-03-19 18:56:55.052 | INFO     | __main__:main:102 - Data preparation complete.
2025-03-19 19:08:03.304 | INFO     | __main__:main:69 - Starting data preparation...
2025-03-19 19:08:03.330 | INFO     | __main__:verify_columns:28 - Verifying columns and types...
2025-03-19 19:08:03.336 | ERROR    | __main__:verify_columns:45 - Incorrect data type for column 'JoinDate'. Expected: datetime64, Found: object
2025-03-19 19:08:03.336 | ERROR    | __main__:main:96 - Data validation failed. Exiting.
2025-03-19 19:10:38.359 | INFO     | __main__:main:69 - Starting data preparation...
2025-03-19 19:10:38.441 | INFO     | __main__:verify_columns:28 - Verifying columns and types...
2025-03-19 19:10:38.449 | INFO     | __main__:verify_columns:48 - Columns and types verified successfully.
2025-03-19 19:10:38.449 | INFO     | __main__:main:85 - Proceeding with data processing...
2025-03-19 19:10:38.492 | INFO     | __main__:main:96 - Processed data saved to: data/prepared\customers_data_prepared.csv
2025-03-19 19:10:38.494 | INFO     | __main__:main:105 - Data preparation complete.
2025-03-19 19:21:53.128 | INFO     | __main__:main:63 - Starting data preparation...
2025-03-19 19:21:53.135 | INFO     | __main__:verify_columns:28 - Verifying columns and types...
2025-03-19 19:21:53.135 | ERROR    | __main__:verify_columns:45 - Incorrect data type for column 'WholesalePrice'. Expected: float64, Found: int64
2025-03-19 19:21:53.138 | ERROR    | __main__:main:90 - Data validation failed. Exiting.
2025-03-19 19:24:15.138 | INFO     | __main__:main:72 - Starting data preparation...
2025-03-19 19:24:15.148 | INFO     | __main__:convert_wholesale_price_to_float:53 - Converting 'WholesalePrice' column to float...
2025-03-19 19:24:15.151 | INFO     | __main__:convert_wholesale_price_to_float:56 - 'WholesalePrice' column successfully converted to float.
2025-03-19 19:24:15.152 | INFO     | __main__:verify_columns:28 - Verifying columns and types...
2025-03-19 19:24:15.152 | ERROR    | __main__:verify_columns:45 - Incorrect data type for column 'WholesalePrice'. Expected: float64, Found: int64
2025-03-19 19:24:15.153 | ERROR    | __main__:main:101 - Data validation failed. Exiting.
2025-03-19 19:24:53.639 | INFO     | __main__:main:72 - Starting data preparation...
2025-03-19 19:24:53.649 | INFO     | __main__:convert_wholesale_price_to_float:53 - Converting 'WholesalePrice' column to float...
2025-03-19 19:24:53.655 | INFO     | __main__:convert_wholesale_price_to_float:56 - 'WholesalePrice' column successfully converted to float.
2025-03-19 19:24:53.656 | INFO     | __main__:verify_columns:28 - Verifying columns and types...
2025-03-19 19:24:53.656 | ERROR    | __main__:verify_columns:45 - Incorrect data type for column 'WholesalePrice'. Expected: float64, Found: int64
2025-03-19 19:24:53.656 | ERROR    | __main__:main:101 - Data validation failed. Exiting.
2025-03-19 19:29:19.269 | INFO     | __main__:main:72 - Starting data preparation...
2025-03-19 19:29:19.277 | INFO     | __main__:convert_wholesale_price_to_float:53 - Converting 'WholesalePrice' column to float...
2025-03-19 19:29:19.280 | INFO     | __main__:convert_wholesale_price_to_float:56 - 'WholesalePrice' column successfully converted to float.
2025-03-19 19:29:19.280 | INFO     | __main__:verify_columns:28 - Verifying columns and types...
2025-03-19 19:29:19.281 | ERROR    | __main__:verify_columns:45 - Incorrect data type for column 'WholesalePrice'. Expected: float64, Found: int64
2025-03-19 19:29:19.281 | ERROR    | __main__:main:101 - Data validation failed. Exiting.
2025-03-19 19:33:38.679 | INFO     | __main__:main:75 - Starting data preparation...
2025-03-19 19:33:38.709 | INFO     | __main__:convert_wholesale_price_to_float:53 - Converting 'WholesalePrice' column to float...
2025-03-19 19:37:23.306 | INFO     | __main__:main:75 - Starting data preparation...
2025-03-19 19:37:23.320 | INFO     | __main__:convert_wholesale_price_to_float:53 - Converting 'WholesalePrice' column to float...
2025-03-19 19:39:19.180 | INFO     | __main__:main:76 - Starting data preparation...
2025-03-19 19:39:19.187 | INFO     | __main__:convert_wholesale_price_to_float:53 - Converting 'WholesalePrice' column to float...
2025-03-19 19:39:19.199 | ERROR    | __main__:convert_wholesale_price_to_float:62 - Error converting 'WholesalePrice' to float: Can only use .str accessor with string values!
2025-03-19 19:39:19.199 | INFO     | __main__:verify_columns:28 - Verifying columns and types...
2025-03-19 19:39:19.201 | ERROR    | __main__:verify_columns:45 - Incorrect data type for column 'WholesalePrice'. Expected: float64, Found: int64
2025-03-19 19:39:19.201 | ERROR    | __main__:main:105 - Data validation failed. Exiting.
2025-03-19 19:44:35.739 | INFO     | __main__:main:84 - Starting data preparation...
2025-03-19 19:44:35.751 | INFO     | __main__:convert_wholesale_price_to_float:53 - Converting 'WholesalePrice' column to float...
2025-03-19 19:44:35.751 | ERROR    | __main__:convert_wholesale_price_to_float:70 - Error converting 'WholesalePrice' to float: Can only use .str accessor with string values!
2025-03-19 19:44:35.755 | INFO     | __main__:verify_columns:28 - Verifying columns and types...
2025-03-19 19:44:35.756 | ERROR    | __main__:verify_columns:45 - Incorrect data type for column 'WholesalePrice'. Expected: float64, Found: int64
2025-03-19 19:44:35.757 | ERROR    | __main__:main:113 - Data validation failed. Exiting.
2025-03-19 19:45:44.971 | INFO     | __main__:main:84 - Starting data preparation...
2025-03-19 19:45:44.982 | INFO     | __main__:convert_wholesale_price_to_float:53 - Converting 'WholesalePrice' column to float...
2025-03-19 19:45:44.984 | ERROR    | __main__:convert_wholesale_price_to_float:70 - Error converting 'WholesalePrice' to float: Can only use .str accessor with string values!
2025-03-19 19:45:44.984 | INFO     | __main__:verify_columns:28 - Verifying columns and types...
2025-03-19 19:45:44.984 | ERROR    | __main__:verify_columns:45 - Incorrect data type for column 'WholesalePrice'. Expected: float64, Found: int64
2025-03-19 19:45:44.986 | ERROR    | __main__:main:113 - Data validation failed. Exiting.
2025-03-19 19:47:30.783 | INFO     | __main__:main:84 - Starting data preparation...
2025-03-19 19:48:05.347 | INFO     | __main__:main:84 - Starting data preparation...
2025-03-19 19:48:05.360 | INFO     | __main__:convert_wholesale_price_to_float:53 - Converting 'WholesalePrice' column to float...
2025-03-19 19:48:05.365 | ERROR    | __main__:convert_wholesale_price_to_float:70 - Error converting 'WholesalePrice' to float: Can only use .str accessor with string values!
2025-03-19 19:48:05.367 | INFO     | __main__:verify_columns:28 - Verifying columns and types...
2025-03-19 19:48:05.369 | ERROR    | __main__:verify_columns:45 - Incorrect data type for column 'WholesalePrice'. Expected: float64, Found: int64
2025-03-19 19:48:05.369 | ERROR    | __main__:main:116 - Data validation failed. Exiting.
2025-03-19 19:52:59.070 | INFO     | __main__:main:83 - Starting data preparation...
2025-03-19 19:52:59.085 | INFO     | __main__:convert_wholesale_price_to_float:53 - Converting 'WholesalePrice' column to float...
2025-03-19 19:52:59.090 | ERROR    | __main__:convert_wholesale_price_to_float:69 - Error converting 'WholesalePrice' to float: Can only use .str accessor with string values!
2025-03-19 19:52:59.090 | INFO     | __main__:verify_columns:28 - Verifying columns and types...
2025-03-19 19:52:59.090 | ERROR    | __main__:verify_columns:45 - Incorrect data type for column 'WholesalePrice'. Expected: float64, Found: int64
2025-03-19 19:52:59.090 | ERROR    | __main__:main:115 - Data validation failed. Exiting.
2025-03-19 19:54:35.783 | INFO     | __main__:main:81 - Starting data preparation...
2025-03-19 19:54:35.794 | INFO     | __main__:convert_wholesale_price_to_float:53 - Converting 'WholesalePrice' column to float...
2025-03-19 19:54:35.808 | INFO     | __main__:convert_wholesale_price_to_float:65 - 'WholesalePrice' column successfully converted to float.
2025-03-19 19:54:35.810 | INFO     | __main__:verify_columns:28 - Verifying columns and types...
2025-03-19 19:54:35.810 | ERROR    | __main__:verify_columns:45 - Incorrect data type for column 'WholesalePrice'. Expected: float64, Found: int64
2025-03-19 19:54:35.812 | ERROR    | __main__:main:113 - Data validation failed. Exiting.
2025-03-19 19:55:33.594 | INFO     | __main__:main:81 - Starting data preparation...
2025-03-19 19:55:33.612 | INFO     | __main__:convert_wholesale_price_to_float:53 - Converting 'WholesalePrice' column to float...
2025-03-19 19:55:33.612 | INFO     | __main__:convert_wholesale_price_to_float:65 - 'WholesalePrice' column successfully converted to float.
2025-03-19 19:55:33.626 | INFO     | __main__:verify_columns:28 - Verifying columns and types...
2025-03-19 19:55:33.626 | ERROR    | __main__:verify_columns:45 - Incorrect data type for column 'WholesalePrice'. Expected: float64, Found: object
2025-03-19 19:55:33.626 | ERROR    | __main__:main:113 - Data validation failed. Exiting.
2025-03-19 19:59:51.570 | INFO     | __main__:main:83 - Starting data preparation...
2025-03-19 19:59:51.581 | INFO     | __main__:convert_wholesale_price_to_float:53 - Converting 'WholesalePrice' column to float...
2025-03-19 19:59:51.587 | INFO     | __main__:convert_wholesale_price_to_float:67 - 'WholesalePrice' column successfully converted to float.
2025-03-19 19:59:51.587 | INFO     | __main__:verify_columns:28 - Verifying columns and types...
2025-03-19 19:59:51.587 | INFO     | __main__:verify_columns:48 - Columns and types verified successfully.
2025-03-19 19:59:51.589 | INFO     | __main__:main:102 - Proceeding with data processing...
2025-03-19 19:59:51.621 | INFO     | __main__:main:112 - Processed data saved to: data/prepared\products_data_prepared.csv
2025-03-19 19:59:51.623 | INFO     | __main__:main:121 - Data preparation complete.
2025-03-19 20:16:46.163 | INFO     | __main__:main:71 - Starting data preparation...
2025-03-19 20:16:46.201 | INFO     | __main__:verify_columns:28 - Verifying columns and types...
2025-03-19 20:16:46.203 | INFO     | __main__:verify_columns:48 - Columns and types verified successfully.
2025-03-19 20:16:46.203 | INFO     | __main__:main:90 - Proceeding with data processing...
2025-03-19 20:16:46.259 | INFO     | __main__:main:101 - Processed data saved to: data/prepared\sales_data_prepared.csv
2025-03-19 20:16:46.261 | INFO     | __main__:main:110 - Data preparation complete.
2025-03-20 17:18:10.558 | INFO     | __main__:main:69 - Starting data preparation...
2025-03-20 17:18:10.585 | INFO     | __main__:verify_columns:28 - Verifying columns and types...
2025-03-20 17:18:10.586 | INFO     | __main__:verify_columns:48 - Columns and types verified successfully.
2025-03-20 17:18:10.586 | INFO     | __main__:main:85 - Proceeding with data processing...
2025-03-20 17:18:10.599 | INFO     | __main__:main:96 - Processed data saved to: data/prepared\customers_data_prepared.csv
2025-03-20 17:18:10.599 | INFO     | __main__:main:105 - Data preparation complete.
2025-03-30 23:11:34.860 | INFO     | dwbuilder:execute_sql_file:36 - Executed: scripts\schema.sql
2025-03-30 23:11:34.889 | ERROR    | dwbuilder:load_csv:74 - Failed to load CSV file data\prepared\customers.csv: [Errno 2] No such file or directory: 'data\\prepared\\customers.csv'
2025-03-30 23:12:36.848 | INFO     | dwbuilder:execute_sql_file:36 - Executed: scripts\schema.sql
2025-03-30 23:12:36.901 | INFO     | dwbuilder:load_csv:71 - Loaded CSV file: data\prepared\customers_data_prepared.csv
2025-03-30 23:21:16.947 | INFO     | dwbuilder:execute_sql_file:37 - Executed: scripts\schema.sql
2025-03-30 23:21:16.955 | INFO     | dwbuilder:load_csv:72 - Loaded CSV file: data\prepared\customers_data_prepared.csv
2025-03-30 23:21:16.957 | INFO     | dwbuilder:convert_to_sql_format:99 - Converted DataFrame column names to lowercase and removed special characters.
2025-03-30 23:21:16.970 | ERROR    | dwbuilder:load_data_to_dw:119 - Failed to load data into customers: table customers has no column named customerid
2025-03-30 23:28:25.536 | INFO     | dwbuilder:execute_sql_file:37 - Executed: scripts\schema.sql
2025-03-30 23:28:25.554 | INFO     | dwbuilder:load_csv:72 - Loaded CSV file: data\prepared\customers_data_prepared.csv
2025-03-30 23:28:25.572 | INFO     | dwbuilder:convert_to_sql_format:101 - Converted DataFrame column names to lowercase, adding underscores before uppercase letters, and removed special characters.
2025-03-30 23:28:25.596 | INFO     | dwbuilder:load_data_to_dw:119 - Loaded data into customers table
2025-03-30 23:28:25.602 | INFO     | dwbuilder:load_csv:72 - Loaded CSV file: data\prepared\products_data_prepared.csv
2025-03-30 23:28:25.602 | INFO     | dwbuilder:convert_to_sql_format:101 - Converted DataFrame column names to lowercase, adding underscores before uppercase letters, and removed special characters.
2025-03-30 23:28:25.609 | INFO     | dwbuilder:load_data_to_dw:119 - Loaded data into products table
2025-03-30 23:28:25.613 | INFO     | dwbuilder:load_csv:72 - Loaded CSV file: data\prepared\sales_data_prepared.csv
2025-03-30 23:28:25.613 | INFO     | dwbuilder:convert_to_sql_format:101 - Converted DataFrame column names to lowercase, adding underscores before uppercase letters, and removed special characters.
2025-03-30 23:28:25.616 | ERROR    | dwbuilder:load_data_to_dw:121 - Failed to load data into sales: table sales has no column named campaign_id
2025-03-30 23:37:17.981 | INFO     | dwbuilder:execute_sql_file:37 - Executed: scripts\schema.sql
2025-03-30 23:37:18.000 | INFO     | dwbuilder:load_csv:72 - Loaded CSV file: data\prepared\customers_data_prepared.csv
2025-03-30 23:37:18.005 | INFO     | dwbuilder:convert_to_sql_format:101 - Converted DataFrame column names to lowercase, adding underscores before uppercase letters, and removed special characters.
2025-03-30 23:37:18.062 | ERROR    | dwbuilder:load_data_to_dw:145 - An unexpected error occurred while loading data into customers: UNIQUE constraint failed: customers.customer_id
2025-03-30 23:38:49.027 | INFO     | dwbuilder:execute_sql_file:37 - Executed: scripts\schema.sql
2025-03-30 23:38:49.036 | INFO     | dwbuilder:load_csv:72 - Loaded CSV file: data\prepared\customers_data_prepared.csv
2025-03-30 23:38:49.055 | INFO     | dwbuilder:delete_existing_records:55 - Deleted all records from table: customers
2025-03-30 23:38:49.056 | INFO     | dwbuilder:convert_to_sql_format:101 - Converted DataFrame column names to lowercase, adding underscores before uppercase letters, and removed special characters.
2025-03-30 23:38:49.067 | INFO     | dwbuilder:load_data_to_dw:137 - Loaded data into customers table (ignoring non-existent columns)
2025-03-30 23:38:49.070 | INFO     | dwbuilder:load_csv:72 - Loaded CSV file: data\prepared\products_data_prepared.csv
2025-03-30 23:38:49.070 | INFO     | dwbuilder:delete_existing_records:55 - Deleted all records from table: products
2025-03-30 23:38:49.074 | INFO     | dwbuilder:convert_to_sql_format:101 - Converted DataFrame column names to lowercase, adding underscores before uppercase letters, and removed special characters.
2025-03-30 23:38:49.084 | INFO     | dwbuilder:load_data_to_dw:137 - Loaded data into products table (ignoring non-existent columns)
2025-03-30 23:38:49.087 | INFO     | dwbuilder:load_csv:72 - Loaded CSV file: data\prepared\sales_data_prepared.csv
2025-03-30 23:38:49.087 | INFO     | dwbuilder:delete_existing_records:55 - Deleted all records from table: sales
2025-03-30 23:38:49.093 | INFO     | dwbuilder:convert_to_sql_format:101 - Converted DataFrame column names to lowercase, adding underscores before uppercase letters, and removed special characters.
2025-03-30 23:38:49.104 | INFO     | dwbuilder:load_data_to_dw:133 - Columns filtered out for table 'sales': campaign_id
2025-03-30 23:38:49.112 | INFO     | dwbuilder:load_data_to_dw:137 - Loaded data into sales table (ignoring non-existent columns)
2025-03-31 07:47:38.524 | INFO     | dwbuilder:execute_sql_file:37 - Executed: scripts\schema.sql
2025-03-31 07:47:38.530 | INFO     | dwbuilder:load_csv:72 - Loaded CSV file: data\prepared\customers_data_prepared.csv
2025-03-31 07:47:38.533 | INFO     | dwbuilder:delete_existing_records:55 - Deleted all records from table: customers
2025-03-31 07:47:38.536 | INFO     | dwbuilder:convert_to_sql_format:101 - Converted DataFrame column names to lowercase, adding underscores before uppercase letters, and removed special characters.
2025-03-31 07:47:38.543 | INFO     | dwbuilder:load_data_to_dw:137 - Loaded data into customers table (ignoring non-existent columns)
2025-03-31 07:47:38.546 | INFO     | dwbuilder:load_csv:72 - Loaded CSV file: data\prepared\products_data_prepared.csv
2025-03-31 07:47:38.547 | INFO     | dwbuilder:delete_existing_records:55 - Deleted all records from table: products
2025-03-31 07:47:38.548 | INFO     | dwbuilder:convert_to_sql_format:101 - Converted DataFrame column names to lowercase, adding underscores before uppercase letters, and removed special characters.
2025-03-31 07:47:38.553 | INFO     | dwbuilder:load_data_to_dw:137 - Loaded data into products table (ignoring non-existent columns)
2025-03-31 07:47:38.557 | INFO     | dwbuilder:load_csv:72 - Loaded CSV file: data\prepared\sales_data_prepared.csv
2025-03-31 07:47:38.558 | INFO     | dwbuilder:delete_existing_records:55 - Deleted all records from table: sales
2025-03-31 07:47:38.558 | INFO     | dwbuilder:convert_to_sql_format:101 - Converted DataFrame column names to lowercase, adding underscores before uppercase letters, and removed special characters.
2025-03-31 07:47:38.560 | INFO     | dwbuilder:load_data_to_dw:133 - Columns filtered out for table 'sales': campaign_id
2025-03-31 07:47:38.563 | INFO     | dwbuilder:load_data_to_dw:137 - Loaded data into sales table (ignoring non-existent columns)
